<?xml version="1.0" encoding="UTF-8"?>
<!-- Generated by org.testng.reporters.JUnitXMLReporter -->
<testsuite ignored="3" hostname="DESKTOP-AJNVIH5" failures="0" tests="1" name="Default test" time="27.374" errors="0" timestamp="2024-03-13T13:38:47 IST">
  <testcase classname="org.dooctiAgent.test.Dashboard" name="meeting_Create" time="4.276"/>
  <testcase classname="org.dooctiAgent.test.Dashboard" name="contact_Create" time="0.0">
    <ignored/>
  </testcase> <!-- contact_Create -->
  <testcase classname="org.dooctiAgent.test.Dashboard" name="lead_Create" time="0.0">
    <ignored/>
  </testcase> <!-- lead_Create -->
  <testcase classname="org.dooctiAgent.test.Dashboard" name="Navbar_Test" time="0.0">
    <ignored/>
  </testcase> <!-- Navbar_Test -->
</testsuite> <!-- Default test -->
