<?xml version="1.0" encoding="UTF-8"?>
<!-- Generated by org.testng.reporters.JUnitXMLReporter -->
<testsuite ignored="7" hostname="DESKTOP-AJNVIH5" failures="0" tests="1" name="Default test" time="27.748" errors="0" timestamp="2024-03-08T15:26:20 IST">
  <testcase classname="org.dooctiadmin.test.CRM_Test" name="PreviewCampaign_Create" time="9.965"/>
  <testcase classname="org.dooctiadmin.test.CRM_Test" name="Campaign_Update" time="0.0">
    <ignored/>
  </testcase> <!-- Campaign_Update -->
  <testcase classname="org.dooctiadmin.test.CRM_Test" name="InboundCampaign_Create" time="0.0">
    <ignored/>
  </testcase> <!-- InboundCampaign_Create -->
  <testcase classname="org.dooctiadmin.test.CRM_Test" name="PowerCampaign_Create" time="0.0">
    <ignored/>
  </testcase> <!-- PowerCampaign_Create -->
  <testcase classname="org.dooctiadmin.test.CRM_Test" name="Campaign_Delete" time="0.0">
    <ignored/>
  </testcase> <!-- Campaign_Delete -->
  <testcase classname="org.dooctiadmin.test.CRM_Test" name="PredictiveCampaign_Create" time="0.0">
    <ignored/>
  </testcase> <!-- PredictiveCampaign_Create -->
  <testcase classname="org.dooctiadmin.test.CRM_Test" name="WhatsBlastCampaign_Create" time="0.0">
    <ignored/>
  </testcase> <!-- WhatsBlastCampaign_Create -->
  <testcase classname="org.dooctiadmin.test.CRM_Test" name="VoiceBlastCampaign_Create" time="0.0">
    <ignored/>
  </testcase> <!-- VoiceBlastCampaign_Create -->
</testsuite> <!-- Default test -->
