<?xml version="1.0" encoding="UTF-8"?>
<!-- Generated by org.testng.reporters.JUnitXMLReporter -->
<testsuite ignored="0" hostname="DESKTOP-AJNVIH5" failures="2" tests="6" name="Login01 Test" time="18.517" errors="0" timestamp="2024-03-12T10:14:13 IST">
  <testcase classname="org.dooctiAgent.test.LoginTest" name="login01Test" time="5.819"/>
  <testcase classname="org.dooctiAgent.test.LoginTest" name="login02Test" time="1.089"/>
  <testcase classname="org.dooctiAgent.test.LoginTest" name="login03Test" time="1.183"/>
  <testcase classname="org.dooctiAgent.test.LoginTest" name="login04Test" time="0.515">
    <failure type="java.lang.AssertionError" message="expected [true] but found [false]">
      <![CDATA[java.lang.AssertionError: expected [true] but found [false]
at org.dooctiAgent.page.AgentLogin_Page.isEnabled(AgentLogin_Page.java:40)
at org.dooctiAgent.test.LoginTest.login04Test(LoginTest.java:51)
at java.base/java.util.ArrayList.forEach(ArrayList.java:1511)
... Removed 33 stack frames]]>
    </failure>
  </testcase> <!-- login04Test -->
  <testcase classname="org.dooctiAgent.test.LoginTest" name="login05Test" time="2.812"/>
  <testcase classname="org.dooctiAgent.test.LoginTest" name="login06Test" time="0.555">
    <failure type="java.lang.AssertionError" message="expected [true] but found [false]">
      <![CDATA[java.lang.AssertionError: expected [true] but found [false]
at org.dooctiAgent.page.AgentLogin_Page.isEnabled(AgentLogin_Page.java:40)
at org.dooctiAgent.test.LoginTest.login06Test(LoginTest.java:81)
at java.base/java.util.ArrayList.forEach(ArrayList.java:1511)
... Removed 33 stack frames]]>
    </failure>
  </testcase> <!-- login06Test -->
</testsuite> <!-- Login01 Test -->
