<?xml version="1.0" encoding="UTF-8"?>
<!-- Generated by org.testng.reporters.JUnitXMLReporter -->
<testsuite ignored="4" hostname="DESKTOP-AJNVIH5" failures="0" tests="22" name="Login" time="84.398" errors="0" timestamp="2024-03-04T18:11:29 IST">
  <testcase classname="org.dooctiadmin.test.Config_Test" name="Queue_Creation" time="1.982"/>
  <testcase classname="org.dooctiadmin.test.Config_Test" name="Dispo_Creation" time="3.191"/>
  <testcase classname="org.dooctiadmin.test.Config_Test" name="TicketStatus_Creation" time="2.502"/>
  <testcase classname="org.dooctiadmin.test.Config_Test" name="Pausecode_Creation" time="4.304"/>
  <testcase classname="org.dooctiadmin.test.Config_Test" name="ManualDid_Creation" time="3.296"/>
  <testcase classname="org.dooctiadmin.test.Config_Test" name="Tag_Creation" time="3.309"/>
  <testcase classname="org.dooctiadmin.test.Config_Test" name="Announcement_Creation" time="4.477"/>
  <testcase classname="org.dooctiadmin.test.Config_Test" name="Script_Creation" time="4.686"/>
  <testcase classname="org.dooctiadmin.test.Config_Test" name="InboundRoute_Creation" time="5.127"/>
  <testcase classname="org.dooctiadmin.test.Config_Test" name="Timezone_Creation" time="5.874"/>
  <testcase classname="org.dooctiadmin.test.Config_Test" name="MeetingTitle_Creation" time="4.362"/>
  <testcase classname="org.dooctiadmin.test.Config_Test" name="Queue_Delete" time="2.697"/>
  <testcase classname="org.dooctiadmin.test.Config_Test" name="Dispo_Delete" time="2.782"/>
  <testcase classname="org.dooctiadmin.test.Config_Test" name="TicketStatus_Delete" time="2.231"/>
  <testcase classname="org.dooctiadmin.test.Config_Test" name="Pausecode_Delete" time="2.045"/>
  <testcase classname="org.dooctiadmin.test.Config_Test" name="DIDNumber_Delete" time="1.955"/>
  <testcase classname="org.dooctiadmin.test.Config_Test" name="Tag_Delete" time="2.468"/>
  <testcase classname="org.dooctiadmin.test.Config_Test" name="Announcement_Delete" time="1.609"/>
  <testcase classname="org.dooctiadmin.test.Config_Test" name="Script_Delete" time="2.03"/>
  <testcase classname="org.dooctiadmin.test.Config_Test" name="Inbound_Delete" time="2.155"/>
  <testcase classname="org.dooctiadmin.test.Config_Test" name="Timezone_Delete" time="2.091"/>
  <testcase classname="org.dooctiadmin.test.Config_Test" name="MeetingTitle_Delete" time="2.229"/>
  <testcase classname="org.dooctiadmin.test.Config_Test" name="SubDispo_Creation" time="0.0">
    <ignored/>
  </testcase> <!-- SubDispo_Creation -->
  <testcase classname="org.dooctiadmin.test.Config_Test" name="Audio_Creation" time="0.0">
    <ignored/>
  </testcase> <!-- Audio_Creation -->
  <testcase classname="org.dooctiadmin.test.Config_Test" name="BlockList_Creation" time="0.0">
    <ignored/>
  </testcase> <!-- BlockList_Creation -->
  <testcase classname="org.dooctiadmin.test.Config_Test" name="SubDispo_Delete" time="0.0">
    <ignored/>
  </testcase> <!-- SubDispo_Delete -->
</testsuite> <!-- Login -->
