<?xml version="1.0" encoding="UTF-8"?>
<!-- Generated by org.testng.reporters.JUnitXMLReporter -->
<testsuite ignored="5" hostname="DESKTOP-AJNVIH5" failures="0" tests="1" name="Login02 Test" time="10.676" errors="0" timestamp="2024-03-12T09:49:43 IST">
  <testcase classname="org.dooctiAgent.test.LoginTest" name="login02Test" time="0.583"/>
  <testcase classname="org.dooctiAgent.test.LoginTest" name="login03Test" time="0.0">
    <ignored/>
  </testcase> <!-- login03Test -->
  <testcase classname="org.dooctiAgent.test.LoginTest" name="login05Test" time="0.0">
    <ignored/>
  </testcase> <!-- login05Test -->
  <testcase classname="org.dooctiAgent.test.LoginTest" name="login04Test" time="0.0">
    <ignored/>
  </testcase> <!-- login04Test -->
  <testcase classname="org.dooctiAgent.test.LoginTest" name="login06Test" time="0.0">
    <ignored/>
  </testcase> <!-- login06Test -->
  <testcase classname="org.dooctiAgent.test.LoginTest" name="login01Test" time="0.0">
    <ignored/>
  </testcase> <!-- login01Test -->
</testsuite> <!-- Login02 Test -->
