<?xml version="1.0" encoding="UTF-8"?>
<!-- Generated by org.testng.reporters.JUnitXMLReporter -->
<testsuite ignored="5" hostname="DESKTOP-AJNVIH5" failures="0" tests="1" name="Login06 Test" time="57.543" errors="0" timestamp="2024-03-12T09:51:46 IST">
  <testcase classname="org.dooctiAgent.test.LoginTest" name="login06Test" time="3.107"/>
  <testcase classname="org.dooctiAgent.test.LoginTest" name="login03Test" time="0.0">
    <ignored/>
  </testcase> <!-- login03Test -->
  <testcase classname="org.dooctiAgent.test.LoginTest" name="login05Test" time="0.0">
    <ignored/>
  </testcase> <!-- login05Test -->
  <testcase classname="org.dooctiAgent.test.LoginTest" name="login04Test" time="0.0">
    <ignored/>
  </testcase> <!-- login04Test -->
  <testcase classname="org.dooctiAgent.test.LoginTest" name="login01Test" time="0.0">
    <ignored/>
  </testcase> <!-- login01Test -->
  <testcase classname="org.dooctiAgent.test.LoginTest" name="login02Test" time="0.0">
    <ignored/>
  </testcase> <!-- login02Test -->
</testsuite> <!-- Login06 Test -->
