<?xml version="1.0" encoding="UTF-8"?>
<!-- Generated by org.testng.reporters.JUnitXMLReporter -->
<testsuite ignored="5" hostname="DESKTOP-AJNVIH5" failures="1" tests="1" name="Login04 Test" time="18.16" errors="0" timestamp="2024-03-12T09:50:17 IST">
  <testcase classname="org.dooctiAgent.test.LoginTest" name="login04Test" time="4.089">
    <failure type="java.lang.AssertionError" message="expected [true] but found [false]">
      <![CDATA[java.lang.AssertionError: expected [true] but found [false]
at org.dooctiAgent.page.AgentLogin_Page.errorAssert(AgentLogin_Page.java:96)
at org.dooctiAgent.test.LoginTest.login04Test(LoginTest.java:48)
at java.base/java.util.ArrayList.forEach(ArrayList.java:1511)
... Removed 33 stack frames]]>
    </failure>
  </testcase> <!-- login04Test -->
  <testcase classname="org.dooctiAgent.test.LoginTest" name="login03Test" time="0.0">
    <ignored/>
  </testcase> <!-- login03Test -->
  <testcase classname="org.dooctiAgent.test.LoginTest" name="login05Test" time="0.0">
    <ignored/>
  </testcase> <!-- login05Test -->
  <testcase classname="org.dooctiAgent.test.LoginTest" name="login06Test" time="0.0">
    <ignored/>
  </testcase> <!-- login06Test -->
  <testcase classname="org.dooctiAgent.test.LoginTest" name="login01Test" time="0.0">
    <ignored/>
  </testcase> <!-- login01Test -->
  <testcase classname="org.dooctiAgent.test.LoginTest" name="login02Test" time="0.0">
    <ignored/>
  </testcase> <!-- login02Test -->
</testsuite> <!-- Login04 Test -->
