<?xml version="1.0" encoding="UTF-8"?>
<!-- Generated by org.testng.reporters.JUnitXMLReporter -->
<testsuite ignored="3" hostname="DESKTOP-AJNVIH5" failures="0" tests="12" name="Users and Groups Testing" time="57.889" errors="0" timestamp="2024-03-07T12:11:23 IST">
  <testcase classname="org.dooctiadmin.test.UsersGroups_Test" name="UserGroup_Creation" time="4.3"/>
  <testcase classname="org.dooctiadmin.test.UsersGroups_Test" name="User_Creation" time="8.653"/>
  <testcase classname="org.dooctiadmin.test.UsersGroups_Test" name="Channel_Creation" time="1.685"/>
  <testcase classname="org.dooctiadmin.test.UsersGroups_Test" name="Source_Creation" time="1.645"/>
  <testcase classname="org.dooctiadmin.test.UsersGroups_Test" name="Team_Creation" time="4.464"/>
  <testcase classname="org.dooctiadmin.test.UsersGroups_Test" name="User_Update" time="6.115"/>
  <testcase classname="org.dooctiadmin.test.UsersGroups_Test" name="Team_Update" time="2.499"/>
  <testcase classname="org.dooctiadmin.test.UsersGroups_Test" name="UserGroup_Delete" time="2.261"/>
  <testcase classname="org.dooctiadmin.test.UsersGroups_Test" name="User_Delete" time="3.545"/>
  <testcase classname="org.dooctiadmin.test.UsersGroups_Test" name="Team_Delete" time="2.314"/>
  <testcase classname="org.dooctiadmin.test.UsersGroups_Test" name="Channel_Delete" time="1.834"/>
  <testcase classname="org.dooctiadmin.test.UsersGroups_Test" name="Source_Delete" time="2.005"/>
  <testcase classname="org.dooctiadmin.test.UsersGroups_Test" name="Channel_Update" time="0.0">
    <ignored/>
  </testcase> <!-- Channel_Update -->
  <testcase classname="org.dooctiadmin.test.UsersGroups_Test" name="UserGroup_Updation" time="0.0">
    <ignored/>
  </testcase> <!-- UserGroup_Updation -->
  <testcase classname="org.dooctiadmin.test.UsersGroups_Test" name="Source_Update" time="0.0">
    <ignored/>
  </testcase> <!-- Source_Update -->
</testsuite> <!-- Users and Groups Testing -->
