<?xml version="1.0" encoding="UTF-8"?>
<!-- Generated by org.testng.reporters.JUnitXMLReporter -->
<testsuite ignored="0" hostname="DESKTOP-AJNVIH5" failures="0" tests="5" name="Users and Groups Testing" time="42.502" errors="0" timestamp="2024-03-06T10:14:29 IST">
  <testcase classname="org.dooctiadmin.test.UsersGroups_Test" name="UserGroup_Creation" time="4.797"/>
  <testcase classname="org.dooctiadmin.test.UsersGroups_Test" name="User_Creation" time="10.842"/>
  <testcase classname="org.dooctiadmin.test.UsersGroups_Test" name="Channel_Creation" time="2.702"/>
  <testcase classname="org.dooctiadmin.test.UsersGroups_Test" name="Source_Creation" time="2.171"/>
  <testcase classname="org.dooctiadmin.test.UsersGroups_Test" name="Team_Creation" time="6.759"/>
</testsuite> <!-- Users and Groups Testing -->
