<?xml version="1.0" encoding="UTF-8"?>
<testng-results ignored="5" total="6" passed="0" failed="1" skipped="0">
  <reporter-output>
  </reporter-output>
  <suite started-at="2024-03-14T15:27:05 IST" name="Default suite" finished-at="2024-03-14T15:27:19 IST" duration-ms="14676">
    <groups>
    </groups>
    <test started-at="2024-03-14T15:27:05 IST" name="Default test" finished-at="2024-03-14T15:27:19 IST" duration-ms="14676">
      <class name="org.dooctiAgent.test.Dashboard">
        <test-method is-config="true" signature="Setup()[pri:0, instance:org.dooctiAgent.test.Dashboard@2dc54ad4]" started-at="2024-03-14T15:27:05 IST" name="Setup" finished-at="2024-03-14T15:27:17 IST" duration-ms="12534" status="PASS">
          <reporter-output>
          </reporter-output>
        </test-method> <!-- Setup -->
        <test-method signature="contact_Create([Ljava.lang.String;)[pri:0, instance:org.dooctiAgent.test.Dashboard@2dc54ad4]" started-at="2024-03-14T15:27:17 IST" name="contact_Create" data-provider="ContactData" finished-at="2024-03-14T15:27:19 IST" duration-ms="2030" status="FAIL">
          <params>
            <param index="0">
              <value>
                <![CDATA[[Ljava.lang.String;@3db663d0]]>
              </value>
            </param>
          </params>
          <exception class="java.lang.AssertionError">
            <message>
              <![CDATA[Not created...! expected [true] but found [false]]]>
            </message>
            <full-stacktrace>
              <![CDATA[java.lang.AssertionError: Not created...! expected [true] but found [false]
at org.testng.Assert.fail(Assert.java:99)
at org.testng.Assert.failNotEquals(Assert.java:1037)
at org.testng.Assert.assertTrue(Assert.java:45)
at org.dooctiAgent.page.Dashboard_Page.create_Assert(Dashboard_Page.java:1034)
at org.dooctiAgent.test.Dashboard.contact_Create(Dashboard.java:81)
at java.base/jdk.internal.reflect.NativeMethodAccessorImpl.invoke0(Native Method)
at java.base/jdk.internal.reflect.NativeMethodAccessorImpl.invoke(NativeMethodAccessorImpl.java:77)
at java.base/jdk.internal.reflect.DelegatingMethodAccessorImpl.invoke(DelegatingMethodAccessorImpl.java:43)
at java.base/java.lang.reflect.Method.invoke(Method.java:568)
at org.testng.internal.MethodInvocationHelper.invokeMethod(MethodInvocationHelper.java:133)
at org.testng.internal.TestInvoker.invokeMethod(TestInvoker.java:598)
at org.testng.internal.TestInvoker.invokeTestMethod(TestInvoker.java:173)
at org.testng.internal.MethodRunner.runInSequence(MethodRunner.java:46)
at org.testng.internal.TestInvoker$MethodInvocationAgent.invoke(TestInvoker.java:824)
at org.testng.internal.TestInvoker.invokeTestMethods(TestInvoker.java:146)
at org.testng.internal.TestMethodWorker.invokeTestMethods(TestMethodWorker.java:146)
at org.testng.internal.TestMethodWorker.run(TestMethodWorker.java:128)
at java.base/java.util.ArrayList.forEach(ArrayList.java:1511)
at org.testng.TestRunner.privateRun(TestRunner.java:794)
at org.testng.TestRunner.run(TestRunner.java:596)
at org.testng.SuiteRunner.runTest(SuiteRunner.java:377)
at org.testng.SuiteRunner.runSequentially(SuiteRunner.java:371)
at org.testng.SuiteRunner.privateRun(SuiteRunner.java:332)
at org.testng.SuiteRunner.run(SuiteRunner.java:276)
at org.testng.SuiteRunnerWorker.runSuite(SuiteRunnerWorker.java:53)
at org.testng.SuiteRunnerWorker.run(SuiteRunnerWorker.java:96)
at org.testng.TestNG.runSuitesSequentially(TestNG.java:1212)
at org.testng.TestNG.runSuitesLocally(TestNG.java:1134)
at org.testng.TestNG.runSuites(TestNG.java:1063)
at org.testng.TestNG.run(TestNG.java:1031)
at org.testng.remote.AbstractRemoteTestNG.run(AbstractRemoteTestNG.java:115)
at org.testng.remote.RemoteTestNG.initAndRun(RemoteTestNG.java:251)
at org.testng.remote.RemoteTestNG.main(RemoteTestNG.java:77)
]]>
            </full-stacktrace>
          </exception> <!-- java.lang.AssertionError -->
          <reporter-output>
          </reporter-output>
        </test-method> <!-- contact_Create -->
        <test-method is-config="true" signature="Quit()[pri:0, instance:org.dooctiAgent.test.Dashboard@2dc54ad4]" started-at="2024-03-14T15:27:19 IST" name="Quit" finished-at="2024-03-14T15:27:19 IST" duration-ms="1" status="PASS">
          <reporter-output>
          </reporter-output>
        </test-method> <!-- Quit -->
      </class> <!-- org.dooctiAgent.test.Dashboard -->
    </test> <!-- Default test -->
  </suite> <!-- Default suite -->
</testng-results>
