<?xml version="1.0" encoding="UTF-8"?>
<testng-results ignored="0" total="5" passed="5" failed="0" skipped="0">
  <reporter-output>
  </reporter-output>
  <suite started-at="2024-03-06T10:13:47 IST" name="Suite" finished-at="2024-03-06T10:14:29 IST" duration-ms="42502">
    <groups>
    </groups>
    <test started-at="2024-03-06T10:13:47 IST" name="Users and Groups Testing" finished-at="2024-03-06T10:14:29 IST" duration-ms="42502">
      <class name="org.dooctiadmin.test.UsersGroups_Test">
        <test-method is-config="true" signature="startApp()[pri:0, instance:org.dooctiadmin.test.UsersGroups_Test@5e600dd5]" started-at="2024-03-06T10:13:47 IST" name="startApp" finished-at="2024-03-06T10:13:59 IST" duration-ms="12725" status="PASS">
          <reporter-output>
          </reporter-output>
        </test-method> <!-- startApp -->
        <test-method is-config="true" signature="setup()[pri:0, instance:org.dooctiadmin.test.UsersGroups_Test@5e600dd5]" started-at="2024-03-06T10:13:59 IST" name="setup" finished-at="2024-03-06T10:14:02 IST" depends-on-methods="org.dooctiadmin.seleniumbase.DooctiAdminBase.startApp" duration-ms="2354" status="PASS">
          <reporter-output>
          </reporter-output>
        </test-method> <!-- setup -->
        <test-method signature="UserGroup_Creation([Ljava.lang.String;)[pri:0, instance:org.dooctiadmin.test.UsersGroups_Test@5e600dd5]" started-at="2024-03-06T10:14:02 IST" name="UserGroup_Creation" data-provider="UserGroupData" finished-at="2024-03-06T10:14:07 IST" duration-ms="4797" status="PASS">
          <params>
            <param index="0">
              <value>
                <![CDATA[[Ljava.lang.String;@4c5228e7]]>
              </value>
            </param>
          </params>
          <reporter-output>
          </reporter-output>
        </test-method> <!-- UserGroup_Creation -->
        <test-method signature="User_Creation([Ljava.lang.String;)[pri:0, instance:org.dooctiadmin.test.UsersGroups_Test@5e600dd5]" started-at="2024-03-06T10:14:07 IST" name="User_Creation" data-provider="UserData" finished-at="2024-03-06T10:14:18 IST" duration-ms="10842" status="PASS">
          <params>
            <param index="0">
              <value>
                <![CDATA[[Ljava.lang.String;@78b612c6]]>
              </value>
            </param>
          </params>
          <reporter-output>
          </reporter-output>
        </test-method> <!-- User_Creation -->
        <test-method signature="Channel_Creation([Ljava.lang.String;)[pri:0, instance:org.dooctiadmin.test.UsersGroups_Test@5e600dd5]" started-at="2024-03-06T10:14:18 IST" name="Channel_Creation" data-provider="ChannelData" finished-at="2024-03-06T10:14:20 IST" duration-ms="2702" status="PASS">
          <params>
            <param index="0">
              <value>
                <![CDATA[[Ljava.lang.String;@806996]]>
              </value>
            </param>
          </params>
          <reporter-output>
          </reporter-output>
        </test-method> <!-- Channel_Creation -->
        <test-method signature="Source_Creation([Ljava.lang.String;)[pri:0, instance:org.dooctiadmin.test.UsersGroups_Test@5e600dd5]" started-at="2024-03-06T10:14:20 IST" name="Source_Creation" data-provider="SourceData" finished-at="2024-03-06T10:14:22 IST" duration-ms="2171" status="PASS">
          <params>
            <param index="0">
              <value>
                <![CDATA[[Ljava.lang.String;@70211df5]]>
              </value>
            </param>
          </params>
          <reporter-output>
          </reporter-output>
        </test-method> <!-- Source_Creation -->
        <test-method signature="Team_Creation([Ljava.lang.String;)[pri:0, instance:org.dooctiadmin.test.UsersGroups_Test@5e600dd5]" started-at="2024-03-06T10:14:22 IST" name="Team_Creation" data-provider="TeamData" finished-at="2024-03-06T10:14:29 IST" duration-ms="6759" status="PASS">
          <params>
            <param index="0">
              <value>
                <![CDATA[[Ljava.lang.String;@38e7ed69]]>
              </value>
            </param>
          </params>
          <reporter-output>
          </reporter-output>
        </test-method> <!-- Team_Creation -->
        <test-method is-config="true" signature="browserQuit()[pri:0, instance:org.dooctiadmin.test.UsersGroups_Test@5e600dd5]" started-at="2024-03-06T10:14:29 IST" name="browserQuit" finished-at="2024-03-06T10:14:29 IST" duration-ms="1" status="PASS">
          <reporter-output>
          </reporter-output>
        </test-method> <!-- browserQuit -->
      </class> <!-- org.dooctiadmin.test.UsersGroups_Test -->
    </test> <!-- Users and Groups Testing -->
  </suite> <!-- Suite -->
</testng-results>
